kotlin version: 2.1.0
error message: java.lang.OutOfMemoryError: Java heap space
	at java.base/java.util.Arrays.copyOf(Arrays.java:3482)
	at java.base/java.util.ArrayList.grow(ArrayList.java:237)
	at java.base/java.util.ArrayList.grow(ArrayList.java:244)
	at java.base/java.util.ArrayList.add(ArrayList.java:483)
	at java.base/java.util.ArrayList.add(ArrayList.java:496)
	at org.jetbrains.kotlin.wasm.ir.WasmExpressionBuilder.buildInstr(WasmExpressionBuilder.kt:37)
	at org.jetbrains.kotlin.wasm.ir.WasmExpressionBuilder.buildGetLocal(WasmExpressionBuilder.kt:222)
	at org.jetbrains.kotlin.backend.wasm.ir2wasm.BodyGenerator.visitGetValue(BodyGenerator.kt:514)
	at org.jetbrains.kotlin.ir.visitors.IrElementVisitorVoid$DefaultImpls.visitGetValue(IrElementVisitorVoid.kt:648)
	at org.jetbrains.kotlin.backend.wasm.ir2wasm.BodyGenerator.visitGetValue(BodyGenerator.kt:32)
	at org.jetbrains.kotlin.backend.wasm.ir2wasm.BodyGenerator.visitGetValue(BodyGenerator.kt:32)
	at org.jetbrains.kotlin.ir.expressions.IrGetValue.accept(IrGetValue.kt:18)
	at org.jetbrains.kotlin.ir.visitors.IrVisitorsKt.acceptVoid(IrVisitors.kt:11)
	at org.jetbrains.kotlin.backend.wasm.ir2wasm.BodyGenerator.generateExpression$backend_wasm(BodyGenerator.kt:65)
	at org.jetbrains.kotlin.backend.wasm.ir2wasm.BodyGenerator.generateWithExpectedType$backend_wasm(BodyGenerator.kt:1037)
	at org.jetbrains.kotlin.backend.wasm.ir2wasm.BodyGenerator.processContainerExpression(BodyGenerator.kt:969)
	at org.jetbrains.kotlin.backend.wasm.ir2wasm.BodyGenerator.visitContainerExpression(BodyGenerator.kt:993)
	at org.jetbrains.kotlin.ir.visitors.IrElementVisitorVoid$DefaultImpls.visitBlock(IrElementVisitorVoid.kt:300)
	at org.jetbrains.kotlin.backend.wasm.ir2wasm.BodyGenerator.visitBlock(BodyGenerator.kt:32)
	at org.jetbrains.kotlin.ir.visitors.IrElementVisitorVoid$DefaultImpls.visitBlock(IrElementVisitorVoid.kt:296)
	at org.jetbrains.kotlin.backend.wasm.ir2wasm.BodyGenerator.visitBlock(BodyGenerator.kt:32)
	at org.jetbrains.kotlin.backend.wasm.ir2wasm.BodyGenerator.visitBlock(BodyGenerator.kt:32)
	at org.jetbrains.kotlin.ir.expressions.IrBlock.accept(IrBlock.kt:18)
	at org.jetbrains.kotlin.ir.visitors.IrVisitorsKt.acceptVoid(IrVisitors.kt:11)
	at org.jetbrains.kotlin.backend.wasm.ir2wasm.BodyGenerator.generateExpression$backend_wasm(BodyGenerator.kt:65)
	at org.jetbrains.kotlin.backend.wasm.ir2wasm.BodyGenerator.visitVariable(BodyGenerator.kt:1227)
	at org.jetbrains.kotlin.ir.visitors.IrElementVisitorVoid$DefaultImpls.visitVariable(IrElementVisitorVoid.kt:160)
	at org.jetbrains.kotlin.backend.wasm.ir2wasm.BodyGenerator.visitVariable(BodyGenerator.kt:32)
	at org.jetbrains.kotlin.backend.wasm.ir2wasm.BodyGenerator.visitVariable(BodyGenerator.kt:32)
	at org.jetbrains.kotlin.ir.declarations.IrVariable.accept(IrVariable.kt:36)
	at org.jetbrains.kotlin.ir.visitors.IrVisitorsKt.acceptVoid(IrVisitors.kt:11)
	at org.jetbrains.kotlin.backend.wasm.ir2wasm.BodyGenerator.generateStatement(BodyGenerator.kt:84)


