kotlin version: 2.1.0
error message: java.io.FileNotFoundException: /home/ian/chess/webApp/build/classes/kotlin/js/main/default/ir/files.knf (No such file or directory)
	at java.base/java.io.FileInputStream.open0(Native Method)
	at java.base/java.io.FileInputStream.open(FileInputStream.java:213)
	at java.base/java.io.FileInputStream.<init>(FileInputStream.java:152)
	at kotlin.io.FilesKt__FileReadWriteKt.readBytes(FileReadWrite.kt:69)
	at org.jetbrains.kotlin.library.impl.ReadBuffer$WeakFileBuffer.ensureBuffer(ReadBuffer.kt:83)
	at org.jetbrains.kotlin.library.impl.ReadBuffer$WeakFileBuffer.getInt(ReadBuffer.kt:58)
	at org.jetbrains.kotlin.library.impl.IrArrayReader.<init>(IrFileReaders.kt:17)
	at org.jetbrains.kotlin.library.impl.IrArrayFileReader.<init>(IrFileReaders.kt:36)
	at org.jetbrains.kotlin.library.impl.IrMonoliticLibraryImpl$files$2.invoke(KotlinLibraryImpl.kt:154)
	at org.jetbrains.kotlin.library.impl.IrMonoliticLibraryImpl$files$2.invoke(KotlinLibraryImpl.kt:153)
	at kotlin.SynchronizedLazyImpl.getValue(LazyJVM.kt:83)
	at org.jetbrains.kotlin.library.impl.IrMonoliticLibraryImpl.getFiles(KotlinLibraryImpl.kt:153)
	at org.jetbrains.kotlin.library.impl.IrMonoliticLibraryImpl.fileCount(KotlinLibraryImpl.kt:98)
	at org.jetbrains.kotlin.library.impl.KotlinLibraryImpl.fileCount(KotlinLibraryImpl.kt)
	at org.jetbrains.kotlin.ir.backend.js.ic.KotlinLoadedLibraryHeader.sourceFiles_delegate$lambda$7(KotlinLibraryHeader.kt:75)
	at kotlin.UnsafeLazyImpl.getValue(Lazy.kt:98)
	at org.jetbrains.kotlin.ir.backend.js.ic.KotlinLoadedLibraryHeader.getSourceFiles(KotlinLibraryHeader.kt:73)
	at org.jetbrains.kotlin.ir.backend.js.ic.KotlinLoadedLibraryHeader.parseFingerprintsFromManifest(KotlinLibraryHeader.kt:37)
	at org.jetbrains.kotlin.ir.backend.js.ic.KotlinLoadedLibraryHeader.sourceFileFingerprints_delegate$lambda$5(KotlinLibraryHeader.kt:65)
	at kotlin.UnsafeLazyImpl.getValue(Lazy.kt:98)
	at org.jetbrains.kotlin.ir.backend.js.ic.KotlinLoadedLibraryHeader.getSourceFileFingerprints(KotlinLibraryHeader.kt:64)
	at org.jetbrains.kotlin.ir.backend.js.ic.IncrementalCache.collectModifiedFiles(IncrementalCache.kt:150)
	at org.jetbrains.kotlin.ir.backend.js.ic.CacheUpdater$CacheUpdaterInternal.loadModifiedFiles$collectDirtyFiles(CacheUpdater.kt:241)
	at org.jetbrains.kotlin.ir.backend.js.ic.CacheUpdater$CacheUpdaterInternal.loadModifiedFiles(CacheUpdater.kt:265)
	at org.jetbrains.kotlin.ir.backend.js.ic.CacheUpdater.loadIrForDirtyFilesAndInitCompiler(CacheUpdater.kt:721)
	at org.jetbrains.kotlin.ir.backend.js.ic.CacheUpdater.loadIrAndMakeIrFragmentGenerators(CacheUpdater.kt:799)
	at org.jetbrains.kotlin.ir.backend.js.ic.CacheUpdater.actualizeCaches(CacheUpdater.kt:835)
	at org.jetbrains.kotlin.cli.js.K2JSCompiler.prepareIcCaches(K2JSCompiler.kt:799)
	at org.jetbrains.kotlin.cli.js.K2JSCompiler.doExecute(K2JSCompiler.kt:328)
	at org.jetbrains.kotlin.cli.js.K2JSCompiler.doExecute(K2JSCompiler.kt:105)
	at org.jetbrains.kotlin.cli.common.CLICompiler.execImpl(CLICompiler.kt:102)
	at org.jetbrains.kotlin.cli.common.CLICompiler.exec(CLICompiler.kt:316)
	at org.jetbrains.kotlin.daemon.CompileServiceImpl.compile(CompileServiceImpl.kt:1554)
	at java.base/jdk.internal.reflect.DirectMethodHandleAccessor.invoke(DirectMethodHandleAccessor.java:103)
	at java.base/java.lang.reflect.Method.invoke(Method.java:580)
	at java.rmi/sun.rmi.server.UnicastServerRef.dispatch(UnicastServerRef.java:360)
	at java.rmi/sun.rmi.transport.Transport$1.run(Transport.java:200)
	at java.rmi/sun.rmi.transport.Transport$1.run(Transport.java:197)
	at java.base/java.security.AccessController.doPrivileged(AccessController.java:714)
	at java.rmi/sun.rmi.transport.Transport.serviceCall(Transport.java:196)
	at java.rmi/sun.rmi.transport.tcp.TCPTransport.handleMessages(TCPTransport.java:598)
	at java.rmi/sun.rmi.transport.tcp.TCPTransport$ConnectionHandler.run0(TCPTransport.java:844)
	at java.rmi/sun.rmi.transport.tcp.TCPTransport$ConnectionHandler.lambda$run$0(TCPTransport.java:721)
	at java.base/java.security.AccessController.doPrivileged(AccessController.java:400)
	at java.rmi/sun.rmi.transport.tcp.TCPTransport$ConnectionHandler.run(TCPTransport.java:720)
	at java.base/java.util.concurrent.ThreadPoolExecutor.runWorker(ThreadPoolExecutor.java:1144)
	at java.base/java.util.concurrent.ThreadPoolExecutor$Worker.run(ThreadPoolExecutor.java:642)
	at java.base/java.lang.Thread.run(Thread.java:1583)


