kotlin version: 2.1.0
error message: java.io.FileNotFoundException: /home/ian/chess/webApp/build/classes/kotlin/js/main/default/ir/strings.knt (No such file or directory)
	at java.base/java.io.FileInputStream.open0(Native Method)
	at java.base/java.io.FileInputStream.open(FileInputStream.java:213)
	at java.base/java.io.FileInputStream.<init>(FileInputStream.java:152)
	at kotlin.io.FilesKt__FileReadWriteKt.readBytes(FileReadWrite.kt:69)
	at org.jetbrains.kotlin.library.impl.ReadBuffer$WeakFileBuffer.ensureBuffer(ReadBuffer.kt:83)
	at org.jetbrains.kotlin.library.impl.ReadBuffer$WeakFileBuffer.setPosition(ReadBuffer.kt:75)
	at org.jetbrains.kotlin.library.impl.IrMultiArrayReader.readOffsets(IrFileReaders.kt:74)
	at org.jetbrains.kotlin.library.impl.IrMultiArrayReader.<init>(IrFileReaders.kt:87)
	at org.jetbrains.kotlin.library.impl.IrMultiArrayFileReader.<init>(IrFileReaders.kt:117)
	at org.jetbrains.kotlin.library.impl.IrMonoliticLibraryImpl$strings$2.invoke(KotlinLibraryImpl.kt:136)
	at org.jetbrains.kotlin.library.impl.IrMonoliticLibraryImpl$strings$2.invoke(KotlinLibraryImpl.kt:135)
	at kotlin.SynchronizedLazyImpl.getValue(LazyJVM.kt:83)
	at org.jetbrains.kotlin.library.impl.IrMonoliticLibraryImpl.getStrings(KotlinLibraryImpl.kt:135)
	at org.jetbrains.kotlin.library.impl.IrMonoliticLibraryImpl.string(KotlinLibraryImpl.kt:106)
	at org.jetbrains.kotlin.library.impl.KotlinLibraryImpl.string(KotlinLibraryImpl.kt)
	at org.jetbrains.kotlin.backend.common.serialization.IrKlibBytesSource.string(IrFileDeserializer.kt:197)
	at org.jetbrains.kotlin.backend.common.serialization.IrLibraryFileFromBytes.string(IrFileDeserializer.kt:178)
	at org.jetbrains.kotlin.backend.common.serialization.IrFileDeserializerKt$deserializeFqName$1.invoke(IrFileDeserializer.kt:203)
	at org.jetbrains.kotlin.backend.common.serialization.IrFileDeserializerKt$deserializeFqName$1.invoke(IrFileDeserializer.kt:203)
	at kotlin.text.StringsKt__AppendableKt.appendElement(Appendable.kt:84)
	at kotlin.collections.CollectionsKt___CollectionsKt.joinTo(_Collections.kt:3493)
	at kotlin.collections.CollectionsKt___CollectionsKt.joinToString(_Collections.kt:3510)
	at kotlin.collections.CollectionsKt___CollectionsKt.joinToString$default(_Collections.kt:3509)
	at org.jetbrains.kotlin.backend.common.serialization.IrFileDeserializerKt.deserializeFqName(IrFileDeserializer.kt:203)
	at org.jetbrains.kotlin.backend.common.serialization.IrFileDeserializerKt.createFile(IrFileDeserializer.kt:208)
	at org.jetbrains.kotlin.backend.common.serialization.BasicIrModuleDeserializer.init(BasicIrModuleDeserializer.kt:62)
	at org.jetbrains.kotlin.ir.backend.js.lower.serialization.ir.JsIrLinker$JsModuleDeserializer.init(JsIrLinker.kt:79)
	at org.jetbrains.kotlin.backend.common.serialization.IrModuleDeserializer.init(IrModuleDeserializer.kt:81)
	at org.jetbrains.kotlin.backend.common.serialization.KotlinIrLinker.init(KotlinIrLinker.kt:203)
	at org.jetbrains.kotlin.ir.backend.js.ic.JsIrLinkerLoader.loadIr(JsIrLinkerLoader.kt:217)
	at org.jetbrains.kotlin.ir.backend.js.ic.JsIrLinkerLoader.loadIr$default(JsIrLinkerLoader.kt:187)
	at org.jetbrains.kotlin.ir.backend.js.ic.CacheUpdater.loadIrForDirtyFilesAndInitCompiler(CacheUpdater.kt:735)
	at org.jetbrains.kotlin.ir.backend.js.ic.CacheUpdater.loadIrAndMakeIrFragmentGenerators(CacheUpdater.kt:799)
	at org.jetbrains.kotlin.ir.backend.js.ic.CacheUpdater.actualizeCaches(CacheUpdater.kt:835)
	at org.jetbrains.kotlin.cli.js.K2JSCompiler.prepareIcCaches(K2JSCompiler.kt:799)
	at org.jetbrains.kotlin.cli.js.K2JSCompiler.doExecute(K2JSCompiler.kt:328)
	at org.jetbrains.kotlin.cli.js.K2JSCompiler.doExecute(K2JSCompiler.kt:105)
	at org.jetbrains.kotlin.cli.common.CLICompiler.execImpl(CLICompiler.kt:102)
	at org.jetbrains.kotlin.cli.common.CLICompiler.exec(CLICompiler.kt:316)
	at org.jetbrains.kotlin.daemon.CompileServiceImpl.compile(CompileServiceImpl.kt:1554)
	at java.base/jdk.internal.reflect.DirectMethodHandleAccessor.invoke(DirectMethodHandleAccessor.java:103)
	at java.base/java.lang.reflect.Method.invoke(Method.java:580)
	at java.rmi/sun.rmi.server.UnicastServerRef.dispatch(UnicastServerRef.java:360)
	at java.rmi/sun.rmi.transport.Transport$1.run(Transport.java:200)
	at java.rmi/sun.rmi.transport.Transport$1.run(Transport.java:197)
	at java.base/java.security.AccessController.doPrivileged(AccessController.java:714)
	at java.rmi/sun.rmi.transport.Transport.serviceCall(Transport.java:196)
	at java.rmi/sun.rmi.transport.tcp.TCPTransport.handleMessages(TCPTransport.java:598)
	at java.rmi/sun.rmi.transport.tcp.TCPTransport$ConnectionHandler.run0(TCPTransport.java:844)
	at java.rmi/sun.rmi.transport.tcp.TCPTransport$ConnectionHandler.lambda$run$0(TCPTransport.java:721)
	at java.base/java.security.AccessController.doPrivileged(AccessController.java:400)
	at java.rmi/sun.rmi.transport.tcp.TCPTransport$ConnectionHandler.run(TCPTransport.java:720)
	at java.base/java.util.concurrent.ThreadPoolExecutor.runWorker(ThreadPoolExecutor.java:1144)
	at java.base/java.util.concurrent.ThreadPoolExecutor$Worker.run(ThreadPoolExecutor.java:642)
	at java.base/java.lang.Thread.run(Thread.java:1583)


