kotlin version: 2.1.0
error message: java.nio.file.DirectoryNotEmptyException: /home/ian/chess/shared/build/classes/kotlin/js/main/default
	at java.base/sun.nio.fs.UnixFileSystemProvider.implDelete(UnixFileSystemProvider.java:289)
	at java.base/sun.nio.fs.AbstractFileSystemProvider.delete(AbstractFileSystemProvider.java:105)
	at java.base/java.nio.file.Files.delete(Files.java:1153)
	at org.jetbrains.kotlin.konan.file.File$deleteRecursively$1.invoke(File.kt:84)
	at org.jetbrains.kotlin.konan.file.File$deleteRecursively$1.invoke(File.kt:84)
	at org.jetbrains.kotlin.konan.file.File$postorder$1.postVisitDirectory(File.kt:114)
	at org.jetbrains.kotlin.konan.file.File$postorder$1.postVisitDirectory(File.kt:107)
	at java.base/java.nio.file.Files.walkFileTree(Files.java:2816)
	at java.base/java.nio.file.Files.walkFileTree(Files.java:2870)
	at org.jetbrains.kotlin.konan.file.File.postorder(File.kt:107)
	at org.jetbrains.kotlin.konan.file.File.deleteRecursively(File.kt:84)
	at org.jetbrains.kotlin.library.impl.BaseWriterImpl.<init>(KotlinLibraryWriterImpl.kt:43)
	at org.jetbrains.kotlin.library.impl.KotlinLibraryWriterImpl.<init>(KotlinLibraryWriterImpl.kt:106)
	at org.jetbrains.kotlin.library.impl.KotlinLibraryWriterImplKt.buildKotlinLibrary(KotlinLibraryWriterImpl.kt:129)
	at org.jetbrains.kotlin.library.impl.KotlinLibraryWriterImplKt.buildKotlinLibrary$default(KotlinLibraryWriterImpl.kt:111)
	at org.jetbrains.kotlin.ir.backend.js.KlibKt.serializeModuleIntoKlib(klib.kt:706)
	at org.jetbrains.kotlin.cli.js.klib.JsCompilerPipelineKt.serializeFirKlib(jsCompilerPipeline.kt:269)
	at org.jetbrains.kotlin.cli.js.K2JSCompiler.processSourceModuleWithK2(K2JSCompiler.kt:724)
	at org.jetbrains.kotlin.cli.js.K2JSCompiler.produceSourceModule(K2JSCompiler.kt:560)
	at org.jetbrains.kotlin.cli.js.K2JSCompiler.doExecute(K2JSCompiler.kt:345)
	at org.jetbrains.kotlin.cli.js.K2JSCompiler.doExecute(K2JSCompiler.kt:105)
	at org.jetbrains.kotlin.cli.common.CLICompiler.execImpl(CLICompiler.kt:102)
	at org.jetbrains.kotlin.cli.common.CLICompiler.exec(CLICompiler.kt:316)
	at org.jetbrains.kotlin.incremental.IncrementalJsCompilerRunner.runCompiler(IncrementalJsCompilerRunner.kt:199)
	at org.jetbrains.kotlin.incremental.IncrementalJsCompilerRunner.runCompiler(IncrementalJsCompilerRunner.kt:74)
	at org.jetbrains.kotlin.incremental.IncrementalCompilerRunner.doCompile(IncrementalCompilerRunner.kt:506)
	at org.jetbrains.kotlin.incremental.IncrementalCompilerRunner.compileImpl(IncrementalCompilerRunner.kt:423)
	at org.jetbrains.kotlin.incremental.IncrementalCompilerRunner.compileNonIncrementally(IncrementalCompilerRunner.kt:301)
	at org.jetbrains.kotlin.incremental.IncrementalCompilerRunner.compile(IncrementalCompilerRunner.kt:129)
	at org.jetbrains.kotlin.incremental.IncrementalCompilerRunner.compile$default(IncrementalCompilerRunner.kt:113)
	at org.jetbrains.kotlin.daemon.CompileServiceImplBase.execJsIncrementalCompiler(CompileServiceImpl.kt:608)
	at org.jetbrains.kotlin.daemon.CompileServiceImplBase.access$execJsIncrementalCompiler(CompileServiceImpl.kt:91)
	at org.jetbrains.kotlin.daemon.CompileServiceImpl.compile(CompileServiceImpl.kt:1757)
	at java.base/jdk.internal.reflect.DirectMethodHandleAccessor.invoke(DirectMethodHandleAccessor.java:103)
	at java.base/java.lang.reflect.Method.invoke(Method.java:580)
	at java.rmi/sun.rmi.server.UnicastServerRef.dispatch(UnicastServerRef.java:360)
	at java.rmi/sun.rmi.transport.Transport$1.run(Transport.java:200)
	at java.rmi/sun.rmi.transport.Transport$1.run(Transport.java:197)
	at java.base/java.security.AccessController.doPrivileged(AccessController.java:714)
	at java.rmi/sun.rmi.transport.Transport.serviceCall(Transport.java:196)
	at java.rmi/sun.rmi.transport.tcp.TCPTransport.handleMessages(TCPTransport.java:598)
	at java.rmi/sun.rmi.transport.tcp.TCPTransport$ConnectionHandler.run0(TCPTransport.java:844)
	at java.rmi/sun.rmi.transport.tcp.TCPTransport$ConnectionHandler.lambda$run$0(TCPTransport.java:721)
	at java.base/java.security.AccessController.doPrivileged(AccessController.java:400)
	at java.rmi/sun.rmi.transport.tcp.TCPTransport$ConnectionHandler.run(TCPTransport.java:720)
	at java.base/java.util.concurrent.ThreadPoolExecutor.runWorker(ThreadPoolExecutor.java:1144)
	at java.base/java.util.concurrent.ThreadPoolExecutor$Worker.run(ThreadPoolExecutor.java:642)
	at java.base/java.lang.Thread.run(Thread.java:1583)


